19:14:34: Creating resource group General
19:14:34: Creating resource group Internal
19:14:34: Creating resource group Autodetect
19:14:34: SceneManagerFactory for type 'DefaultSceneManager' registered.
19:14:34: Registering ResourceManager for type Material
19:14:34: Registering ResourceManager for type Mesh
19:14:34: Registering ResourceManager for type Skeleton
19:14:34: MovableObjectFactory for type 'ParticleSystem' registered.
19:14:34: OverlayElementFactory for type Panel registered.
19:14:34: OverlayElementFactory for type BorderPanel registered.
19:14:34: OverlayElementFactory for type TextArea registered.
19:14:34: Registering ResourceManager for type Font
19:14:34: ArchiveFactory for archive type FileSystem registered.
19:14:34: ArchiveFactory for archive type Zip registered.
19:14:34: FreeImage version: 3.10.0
19:14:34: This program uses FreeImage, a free, open source image library supporting all common bitmap formats. See http://freeimage.sourceforge.net for details
19:14:34: Supported formats: bmp,ico,jpg,jif,jpeg,jpe,jng,koa,iff,lbm,mng,pbm,pbm,pcd,pcx,pgm,pgm,png,ppm,ppm,ras,tga,targa,tif,tiff,wap,wbmp,wbm,psd,cut,xbm,xpm,gif,hdr,g3,sgi,exr,j2k,j2c,jp2
19:14:34: DDS codec registering
19:14:34: Registering ResourceManager for type HighLevelGpuProgram
19:14:34: Registering ResourceManager for type Compositor
19:14:34: MovableObjectFactory for type 'Entity' registered.
19:14:34: MovableObjectFactory for type 'Light' registered.
19:14:34: MovableObjectFactory for type 'BillboardSet' registered.
19:14:34: MovableObjectFactory for type 'ManualObject' registered.
19:14:34: MovableObjectFactory for type 'BillboardChain' registered.
19:14:34: MovableObjectFactory for type 'RibbonTrail' registered.
19:14:34: Loading library ./plugins\RenderSystem_GL.dll
19:14:34: Installing plugin: GL RenderSystem
19:14:34: OpenGL Rendering Subsystem created.
19:14:35: Plugin successfully installed
19:14:35: Loading library ./plugins\RenderSystem_Direct3D9.dll
19:14:35: Installing plugin: D3D9 RenderSystem
19:14:35: D3D9 : Direct3D9 Rendering Subsystem created.
19:14:36: D3D9: Driver Detection Starts
19:14:36: D3D9: Driver Detection Ends
19:14:36: Plugin successfully installed
19:14:36: Loading library ./plugins\Plugin_ParticleFX.dll
19:14:36: Installing plugin: ParticleFX
19:14:36: Particle Emitter Type 'Point' registered
19:14:36: Particle Emitter Type 'Box' registered
19:14:36: Particle Emitter Type 'Ellipsoid' registered
19:14:36: Particle Emitter Type 'Cylinder' registered
19:14:36: Particle Emitter Type 'Ring' registered
19:14:36: Particle Emitter Type 'HollowEllipsoid' registered
19:14:36: Particle Affector Type 'LinearForce' registered
19:14:36: Particle Affector Type 'ColourFader' registered
19:14:36: Particle Affector Type 'ColourFader2' registered
19:14:36: Particle Affector Type 'ColourImage' registered
19:14:36: Particle Affector Type 'ColourInterpolator' registered
19:14:36: Particle Affector Type 'Scaler' registered
19:14:36: Particle Affector Type 'Rotator' registered
19:14:36: Particle Affector Type 'DirectionRandomiser' registered
19:14:36: Particle Affector Type 'DeflectorPlane' registered
19:14:36: Plugin successfully installed
19:14:36: *-*-* OGRE Initialising
19:14:36: *-*-* Version 1.6.1 (Shoggoth)
19:14:36: D3D9 : RenderSystem Option: Allow NVPerfHUD = No
19:14:36: D3D9 : RenderSystem Option: Anti aliasing = None
19:14:36: D3D9 : RenderSystem Option: Floating-point mode = Fastest
19:14:36: D3D9 : RenderSystem Option: Full Screen = No
19:14:36: D3D9 : RenderSystem Option: Rendering Device = Mobile Intel(R) 965 Express Chipset Family
19:14:36: D3D9 : RenderSystem Option: VSync = No
19:14:36: D3D9 : RenderSystem Option: Video Mode = 800 x 600 @ 32-bit colour
19:14:36: D3D9 : RenderSystem Option: sRGB Gamma Conversion = No
19:14:39: CPU Identifier & Features
19:14:39: -------------------------
19:14:39:  *   CPU ID: GenuineIntel: Intel(R) Pentium(R) Dual  CPU  T2390  @ 1.86GHz
19:14:39:  *      SSE: yes
19:14:39:  *     SSE2: yes
19:14:39:  *     SSE3: yes
19:14:39:  *      MMX: yes
19:14:39:  *   MMXEXT: yes
19:14:39:  *    3DNOW: no
19:14:39:  * 3DNOWEXT: no
19:14:39:  *     CMOV: yes
19:14:39:  *      TSC: yes
19:14:39:  *      FPU: yes
19:14:39:  *      PRO: yes
19:14:39:  *       HT: no
19:14:39: -------------------------
19:14:39: D3D9 : Subsystem Initialising
19:14:39: D3D9RenderSystem::_createRenderWindow "Semantic User Interface Toolkit. Kernel version: 0.4.0", 800x600 windowed  miscParams: FSAA=0 FSAAQuality=0 colourDepth=32 gamma=false useNVPerfHUD=false vsync=false 
19:14:39: D3D9 : Created D3D9 Rendering Window 'Semantic User Interface Toolkit. Kernel version: 0.4.0' : 800x600, 32bpp
19:14:39: D3D9 : WARNING - disabling VSync in windowed mode can cause timing issues at lower frame rates, turn VSync on if you observe this problem.
19:14:39: Registering ResourceManager for type Texture
19:14:39: Registering ResourceManager for type GpuProgram
19:14:39: D3D9: Vertex texture format supported - PF_L8
19:14:39: D3D9: Vertex texture format supported - PF_L16
19:14:39: D3D9: Vertex texture format supported - PF_A8
19:14:39: D3D9: Vertex texture format supported - PF_A4L4
19:14:39: D3D9: Vertex texture format supported - PF_BYTE_LA
19:14:39: D3D9: Vertex texture format supported - PF_R5G6B5
19:14:39: D3D9: Vertex texture format supported - PF_B5G6R5
19:14:39: D3D9: Vertex texture format supported - PF_A4R4G4B4
19:14:39: D3D9: Vertex texture format supported - PF_A1R5G5B5
19:14:39: D3D9: Vertex texture format supported - PF_A8R8G8B8
19:14:39: D3D9: Vertex texture format supported - PF_B8G8R8A8
19:14:39: D3D9: Vertex texture format supported - PF_A2R10G10B10
19:14:39: D3D9: Vertex texture format supported - PF_DXT1
19:14:39: D3D9: Vertex texture format supported - PF_DXT2
19:14:39: D3D9: Vertex texture format supported - PF_DXT3
19:14:39: D3D9: Vertex texture format supported - PF_DXT4
19:14:39: D3D9: Vertex texture format supported - PF_DXT5
19:14:39: D3D9: Vertex texture format supported - PF_FLOAT16_RGB
19:14:39: D3D9: Vertex texture format supported - PF_FLOAT16_RGBA
19:14:39: D3D9: Vertex texture format supported - PF_FLOAT32_RGB
19:14:39: D3D9: Vertex texture format supported - PF_FLOAT32_RGBA
19:14:39: D3D9: Vertex texture format supported - PF_X8R8G8B8
19:14:39: D3D9: Vertex texture format supported - PF_R8G8B8A8
19:14:39: D3D9: Vertex texture format supported - PF_DEPTH
19:14:39: D3D9: Vertex texture format supported - PF_SHORT_RGBA
19:14:39: D3D9: Vertex texture format supported - PF_FLOAT16_R
19:14:39: D3D9: Vertex texture format supported - PF_FLOAT32_R
19:14:39: D3D9: Vertex texture format supported - PF_SHORT_GR
19:14:39: D3D9: Vertex texture format supported - PF_FLOAT16_GR
19:14:39: D3D9: Vertex texture format supported - PF_FLOAT32_GR
19:14:39: D3D9: Vertex texture format supported - PF_SHORT_RGB
19:14:39: RenderSystem capabilities
19:14:39: -------------------------
19:14:39: RenderSystem Name: Direct3D9 Rendering Subsystem
19:14:39: GPU Vendor: intel
19:14:39: Device Name: Mobile Intel(R) 965 Express Chipset Family
19:14:39: Driver Version: 8.15.10.1825
19:14:39:  * Fixed function pipeline: yes
19:14:39:  * Hardware generation of mipmaps: yes
19:14:39:  * Texture blending: yes
19:14:39:  * Anisotropic texture filtering: yes
19:14:39:  * Dot product texture operation: yes
19:14:39:  * Cube mapping: yes
19:14:39:  * Hardware stencil buffer: yes
19:14:39:    - Stencil depth: 8
19:14:39:    - Two sided stencil support: yes
19:14:39:    - Wrap stencil values: yes
19:14:39:  * Hardware vertex / index buffers: yes
19:14:39:  * Vertex programs: yes
19:14:39:  * Fragment programs: yes
19:14:39:  * Geometry programs: no
19:14:39:  * Supported Shader Profiles: hlsl ps_1_1 ps_1_2 ps_1_3 ps_1_4 ps_2_0 ps_2_a ps_2_b ps_2_x ps_3_0 vs_1_1 vs_2_0 vs_2_a vs_2_x vs_3_0
19:14:39:  * Texture Compression: yes
19:14:39:    - DXT: yes
19:14:39:    - VTC: no
19:14:39:  * Scissor Rectangle: yes
19:14:39:  * Hardware Occlusion Query: yes
19:14:39:  * User clip planes: yes
19:14:39:  * VET_UBYTE4 vertex element type: yes
19:14:39:  * Infinite far plane projection: yes
19:14:39:  * Hardware render-to-texture: yes
19:14:39:  * Floating point textures: yes
19:14:39:  * Non-power-of-two textures: yes (limited)
19:14:39:  * Volume textures: yes
19:14:39:  * Multiple Render Targets: 4
19:14:39:    - With different bit depths: yes
19:14:39:  * Point Sprites: yes
19:14:39:  * Extended point parameters: yes
19:14:39:  * Max Point Size: 256
19:14:39:  * Vertex texture fetch: yes
19:14:39:    - Max vertex textures: 4
19:14:39:    - Vertex textures shared: no
19:14:39:  * Render to Vertex Buffer : no
19:14:39:  * DirectX per stage constants: yes
19:14:39: ***************************************
19:14:39: *** D3D9 : Subsystem Initialised OK ***
19:14:39: ***************************************
19:14:39: ResourceBackgroundQueue - threading disabled
19:14:39: Particle Renderer Type 'billboard' registered
19:14:40: Added resource location './media/mygui' of type 'FileSystem' to resource group 'General'
19:14:40: Added resource location './media/backs' of type 'FileSystem' to resource group 'General'
19:14:40: Creating resource group chemistry
19:14:40: Added resource location './media/chemistry/meshes' of type 'FileSystem' to resource group 'chemistry'
19:14:40: Added resource location './media/chemistry/materials/programs' of type 'FileSystem' to resource group 'chemistry'
19:14:40: Added resource location './media/chemistry/materials/scripts' of type 'FileSystem' to resource group 'chemistry'
19:14:40: Added resource location './media/chemistry/materials/textures' of type 'FileSystem' to resource group 'chemistry'
19:14:40: Creating resource group geometry
19:14:40: Added resource location './media/geometry/base_media.zip' of type 'Zip' to resource group 'geometry'
19:14:40: Creating resource group scg
19:14:40: Added resource location './media/scg/base_media.zip' of type 'Zip' to resource group 'scg'
19:14:40: Creating resource group space
19:14:40: Added resource location './media/space/meshes' of type 'FileSystem' to resource group 'space'
19:14:40: Added resource location './media/space/materials/scripts' of type 'FileSystem' to resource group 'space'
19:14:40: Added resource location './media/space/materials/textures' of type 'FileSystem' to resource group 'space'
19:14:40: Initialising resource group General
19:14:40: Parsing scripts for resource group General
19:14:40: Parsing script backs.material
19:14:40: Finished parsing scripts for resource group General
19:14:41: Texture: black_skin.png: Loading 1 faces(PF_A8R8G8B8,1024x1024x1) with 0 generated mipmaps from Image. Internal format is PF_A8R8G8B8,1024x1024x1.
19:14:42: Texture: core_pointer.png: Loading 1 faces(PF_A8R8G8B8,256x128x1) with 0 generated mipmaps from Image. Internal format is PF_A8R8G8B8,256x128x1.
19:14:42: Texture: Default_Texture: Loading 1 faces(PF_BYTE_LA,1024x128x1) with 0 generated mipmaps from Image. Internal format is PF_BYTE_LA,1024x128x1.
19:14:42: Added resource location 'C:\ostis\ostis3\system__\components\scg\base\media\code' of type 'FileSystem' to resource group 'scg'
19:14:42: Added resource location 'C:\ostis\ostis3\system__\components\scg\base\media\textures' of type 'FileSystem' to resource group 'scg'
19:14:42: Added resource location 'C:\ostis\ostis3\system__\components\scg\base\media\materials' of type 'FileSystem' to resource group 'scg'
19:14:42: Added resource location 'C:\ostis\ostis3\system__\components\scg\base\media\vis_menu' of type 'FileSystem' to resource group 'General'
19:14:43: Texture: icon_<sc_core.pm.sc_global_addr; proxy of <Swig Object of type 'sc_global_addr *' at 0x0811BCE0> >: Loading 1 faces(PF_A8R8G8B8,64x64x1) with  hardware generated mipmaps from Image. Internal format is PF_A8R8G8B8,64x64x1.
19:14:43: Creating resource group image
19:14:43: Added resource location 'C:\ostis\ostis3\system__\components\image\media\tmp' of type 'FileSystem' to resource group 'image'
19:14:44: Parsing scripts for resource group Autodetect
19:14:44: Finished parsing scripts for resource group Autodetect
19:14:44: Parsing scripts for resource group Internal
19:14:44: Finished parsing scripts for resource group Internal
19:14:44: Parsing scripts for resource group chemistry
19:14:44: Parsing script chem_atoms.material
19:14:44: Parsing script chem_base.material
19:14:44: Parsing script chem_link.material
19:14:44: Finished parsing scripts for resource group chemistry
19:14:44: Parsing scripts for resource group geometry
19:14:44: Parsing script geom_background.material
19:14:44: Parsing script geom_base.material
19:14:44: Parsing script geom_lsec.material
19:14:44: Parsing script geom_points.material
19:14:44: Parsing script geom_triangle.material
19:14:44: Finished parsing scripts for resource group geometry
19:14:44: Parsing scripts for resource group image
19:14:44: Finished parsing scripts for resource group image
19:14:44: Parsing scripts for resource group scg
19:14:44: Parsing script scg_arrows.material
19:14:44: Parsing script scg_base.material
19:14:44: Parsing script scg_content.material
19:14:44: Parsing script scg_mpair.material
19:14:44: Parsing script scg_nodes.material
19:14:44: Parsing script scg_pair.material
19:14:44: Parsing script scg_pair_const.material
19:14:44: Parsing script scg_pair_const_orient.material
19:14:44: Parsing script scg_pair_fuz_const.material
19:14:44: Parsing script scg_pair_fuz_meta.material
19:14:45: Parsing script scg_pair_fuz_time_const.material
19:14:45: Parsing script scg_pair_fuz_time_meta.material
19:14:45: Parsing script scg_pair_fuz_time_var.material
19:14:45: Parsing script scg_pair_fuz_var.material
19:14:45: Parsing script scg_pair_meta.material
19:14:45: Parsing script scg_pair_meta_orient.material
19:14:45: Parsing script scg_pair_neg_const.material
19:14:45: Parsing script scg_pair_neg_meta.material
19:14:45: Parsing script scg_pair_neg_time_const.material
19:14:45: Parsing script scg_pair_neg_time_meta.material
19:14:45: Parsing script scg_pair_neg_time_var.material
19:14:45: Parsing script scg_pair_neg_var.material
19:14:45: Parsing script scg_pair_pos_const.material
19:14:45: Parsing script scg_pair_pos_meta.material
19:14:45: Parsing script scg_pair_pos_time_const.material
19:14:45: Parsing script scg_pair_pos_time_meta.material
19:14:45: Parsing script scg_pair_pos_time_var.material
19:14:45: Parsing script scg_pair_pos_var.material
19:14:45: Parsing script scg_pair_var.material
19:14:45: Parsing script scg_pair_var_orient.material
19:14:45: Finished parsing scripts for resource group scg
19:14:45: Parsing scripts for resource group space
19:14:45: Parsing script demo.material
19:14:45: Parsing script space_base.material
19:14:45: Parsing script stars.material
19:14:45: Parsing script stars.particle
19:14:45: Finished parsing scripts for resource group space
19:14:45: Mesh: Loading scg_node_const.mesh.
19:14:45: Mesh: Loading scg_struct_abstract_const.mesh.
19:14:45: Mesh: Loading scg_cont_cube.mesh.
19:14:45: Mesh: Loading scg_cont_unknown.mesh.
19:14:45: Can't assign material Material to SubEntity of <suit.core.objects.ObjectSheet object at 0x08121240>_quest because this Material does not exist. Have you forgotten to define it in a .material script?
19:14:45: Mesh: Loading scg_struct_struct.mesh.
19:14:45: Mesh: Loading scg_line_seg.mesh.
19:14:45: D3D9 : ***** Dimensions altered by the render system
19:14:45: D3D9 : ***** Source image dimensions : 960x720
19:14:45: D3D9 : ***** Texture dimensions : 1024x1024
19:14:45: Texture: lime_back.png: Loading 1 faces(PF_R8G8B8,960x720x1) with 10 generated mipmaps from Image. Internal format is PF_X8R8G8B8,1024x1024x1.
